<?xml version="1.0" encoding="UTF-8"?>
<testsuite name="conference.web.api.ApiReservationControllerTest" tests="1" skipped="0" failures="0" errors="0" timestamp="2018-10-14T20:37:19" hostname="SongMinSeokui-MacBook-Pro.local" time="0.02">
  <properties/>
  <testcase name="예약리스트_가져오기" classname="conference.web.api.ApiReservationControllerTest" time="0.02"/>
  <system-out><![CDATA[2018-10-15 05:37:16.559  INFO 70306 --- [    Test worker] .b.t.c.SpringBootTestContextBootstrapper : Neither @ContextConfiguration nor @ContextHierarchy found for test class [conference.web.api.ApiReservationControllerTest], using SpringBootContextLoader
2018-10-15 05:37:16.560  INFO 70306 --- [    Test worker] o.s.t.c.support.AbstractContextLoader    : Could not detect default resource locations for test class [conference.web.api.ApiReservationControllerTest]: no resource found for suffixes {-context.xml, Context.groovy}.
2018-10-15 05:37:16.561  INFO 70306 --- [    Test worker] t.c.s.AnnotationConfigContextLoaderUtils : Could not detect default configuration classes for test class [conference.web.api.ApiReservationControllerTest]: ApiReservationControllerTest does not declare any static, non-private, non-final, nested classes annotated with @Configuration.
2018-10-15 05:37:16.572  INFO 70306 --- [    Test worker] .b.t.c.SpringBootTestContextBootstrapper : Found @SpringBootConfiguration conference.KakaoApplication for test class conference.web.api.ApiReservationControllerTest
2018-10-15 05:37:16.574  INFO 70306 --- [    Test worker] .b.t.c.SpringBootTestContextBootstrapper : Loaded default TestExecutionListener class names from location [META-INF/spring.factories]: [org.springframework.boot.test.autoconfigure.restdocs.RestDocsTestExecutionListener, org.springframework.boot.test.autoconfigure.web.client.MockRestServiceServerResetTestExecutionListener, org.springframework.boot.test.autoconfigure.web.servlet.MockMvcPrintOnlyOnFailureTestExecutionListener, org.springframework.boot.test.autoconfigure.web.servlet.WebDriverTestExecutionListener, org.springframework.boot.test.mock.mockito.MockitoTestExecutionListener, org.springframework.boot.test.mock.mockito.ResetMocksTestExecutionListener, org.springframework.test.context.web.ServletTestExecutionListener, org.springframework.test.context.support.DirtiesContextBeforeModesTestExecutionListener, org.springframework.test.context.support.DependencyInjectionTestExecutionListener, org.springframework.test.context.support.DirtiesContextTestExecutionListener, org.springframework.test.context.transaction.TransactionalTestExecutionListener, org.springframework.test.context.jdbc.SqlScriptsTestExecutionListener]
2018-10-15 05:37:16.576  INFO 70306 --- [    Test worker] .b.t.c.SpringBootTestContextBootstrapper : Using TestExecutionListeners: [org.springframework.test.context.web.ServletTestExecutionListener@863b6b0, org.springframework.test.context.support.DirtiesContextBeforeModesTestExecutionListener@1a0d02f7, org.springframework.boot.test.mock.mockito.MockitoTestExecutionListener@5e31031a, org.springframework.boot.test.autoconfigure.SpringBootDependencyInjectionTestExecutionListener@5c7ad04d, org.springframework.test.context.support.DirtiesContextTestExecutionListener@49392b44, org.springframework.test.context.transaction.TransactionalTestExecutionListener@3b51822e, org.springframework.test.context.jdbc.SqlScriptsTestExecutionListener@6d2e7f8d, org.springframework.boot.test.autoconfigure.restdocs.RestDocsTestExecutionListener@67dc32dd, org.springframework.boot.test.autoconfigure.web.client.MockRestServiceServerResetTestExecutionListener@673f5669, org.springframework.boot.test.autoconfigure.web.servlet.MockMvcPrintOnlyOnFailureTestExecutionListener@50c8f852, org.springframework.boot.test.autoconfigure.web.servlet.WebDriverTestExecutionListener@4e0437d1, org.springframework.boot.test.mock.mockito.ResetMocksTestExecutionListener@48c8ae16]

  .   ____          _            __ _ _
 /\\ / ___'_ __ _ _(_)_ __  __ _ \ \ \ \
( ( )\___ | '_ | '_| | '_ \/ _` | \ \ \ \
 \\/  ___)| |_)| | | | | || (_| |  ) ) ) )
  '  |____| .__|_| |_|_| |_\__, | / / / /
 =========|_|==============|___/=/_/_/_/
 :: Spring Boot ::        (v2.0.4.RELEASE)

2018-10-15 05:37:17.099  INFO 70306 --- [    Test worker] c.web.api.ApiReservationControllerTest   : Starting ApiReservationControllerTest on SongMinSeokui-MacBook-Pro.local with PID 70306 (started by songminseok in /Users/songminseok/Desktop/Kakao)
2018-10-15 05:37:17.099  INFO 70306 --- [    Test worker] c.web.api.ApiReservationControllerTest   : No active profile set, falling back to default profiles: default
2018-10-15 05:37:17.103  INFO 70306 --- [    Test worker] ConfigServletWebServerApplicationContext : Refreshing org.springframework.boot.web.servlet.context.AnnotationConfigServletWebServerApplicationContext@3c68e698: startup date [Mon Oct 15 05:37:17 KST 2018]; root of context hierarchy
2018-10-15 05:37:17.560  INFO 70306 --- [    Test worker] trationDelegate$BeanPostProcessorChecker : Bean 'org.springframework.transaction.annotation.ProxyTransactionManagementConfiguration' of type [org.springframework.transaction.annotation.ProxyTransactionManagementConfiguration$$EnhancerBySpringCGLIB$$2dd41633] is not eligible for getting processed by all BeanPostProcessors (for example: not eligible for auto-proxying)
2018-10-15 05:37:17.580  INFO 70306 --- [    Test worker] trationDelegate$BeanPostProcessorChecker : Bean 'pl.allegro.tech.boot.autoconfigure.handlebars.HandlebarsHelpersAutoConfiguration' of type [pl.allegro.tech.boot.autoconfigure.handlebars.HandlebarsHelpersAutoConfiguration$$EnhancerBySpringCGLIB$$ac9d360d] is not eligible for getting processed by all BeanPostProcessors (for example: not eligible for auto-proxying)
2018-10-15 05:37:17.599  INFO 70306 --- [    Test worker] trationDelegate$BeanPostProcessorChecker : Bean 'org.springframework.boot.context.properties.ConversionServiceDeducer$Factory' of type [org.springframework.boot.context.properties.ConversionServiceDeducer$Factory] is not eligible for getting processed by all BeanPostProcessors (for example: not eligible for auto-proxying)
2018-10-15 05:37:17.601  INFO 70306 --- [    Test worker] trationDelegate$BeanPostProcessorChecker : Bean 'handlebars.resolver-pl.allegro.tech.boot.autoconfigure.handlebars.HandlebarsValueResolversProperties' of type [pl.allegro.tech.boot.autoconfigure.handlebars.HandlebarsValueResolversProperties] is not eligible for getting processed by all BeanPostProcessors (for example: not eligible for auto-proxying)
2018-10-15 05:37:17.611  INFO 70306 --- [    Test worker] trationDelegate$BeanPostProcessorChecker : Bean 'handlebars-pl.allegro.tech.boot.autoconfigure.handlebars.HandlebarsProperties' of type [pl.allegro.tech.boot.autoconfigure.handlebars.HandlebarsProperties] is not eligible for getting processed by all BeanPostProcessors (for example: not eligible for auto-proxying)
2018-10-15 05:37:17.616  INFO 70306 --- [    Test worker] trationDelegate$BeanPostProcessorChecker : Bean 'pl.allegro.tech.boot.autoconfigure.handlebars.HandlebarsAutoConfiguration$HandlebarsViewResolverConfiguration' of type [pl.allegro.tech.boot.autoconfigure.handlebars.HandlebarsAutoConfiguration$HandlebarsViewResolverConfiguration$$EnhancerBySpringCGLIB$$bf8460ab] is not eligible for getting processed by all BeanPostProcessors (for example: not eligible for auto-proxying)
2018-10-15 05:37:17.636  INFO 70306 --- [    Test worker] trationDelegate$BeanPostProcessorChecker : Bean 'handlebarsViewResolver' of type [com.github.jknack.handlebars.springmvc.HandlebarsViewResolver] is not eligible for getting processed by all BeanPostProcessors (for example: not eligible for auto-proxying)
2018-10-15 05:37:18.112  INFO 70306 --- [    Test worker] o.s.b.w.embedded.tomcat.TomcatWebServer  : Tomcat initialized with port(s): 0 (http)
2018-10-15 05:37:18.206  INFO 70306 --- [    Test worker] o.apache.catalina.core.StandardService   : Starting service [Tomcat]
2018-10-15 05:37:18.207  INFO 70306 --- [    Test worker] org.apache.catalina.core.StandardEngine  : Starting Servlet Engine: Apache Tomcat/8.5.32
2018-10-15 05:37:18.223  INFO 70306 --- [ost-startStop-1] o.a.catalina.core.AprLifecycleListener   : The APR based Apache Tomcat Native library which allows optimal performance in production environments was not found on the java.library.path: [/Users/songminseok/Library/Java/Extensions:/Library/Java/Extensions:/Network/Library/Java/Extensions:/System/Library/Java/Extensions:/usr/lib/java:.]
2018-10-15 05:37:18.416  INFO 70306 --- [ost-startStop-1] o.a.c.c.C.[Tomcat].[localhost].[/]       : Initializing Spring embedded WebApplicationContext
2018-10-15 05:37:18.417  INFO 70306 --- [ost-startStop-1] o.s.web.context.ContextLoader            : Root WebApplicationContext: initialization completed in 1314 ms
2018-10-15 05:37:18.514  INFO 70306 --- [ost-startStop-1] o.s.b.w.servlet.ServletRegistrationBean  : Servlet dispatcherServlet mapped to [/]
2018-10-15 05:37:18.516  INFO 70306 --- [ost-startStop-1] o.s.b.w.servlet.ServletRegistrationBean  : Servlet webServlet mapped to [/h2-console/*]
2018-10-15 05:37:18.519  INFO 70306 --- [ost-startStop-1] o.s.b.w.servlet.FilterRegistrationBean   : Mapping filter: 'characterEncodingFilter' to: [/*]
2018-10-15 05:37:18.520  INFO 70306 --- [ost-startStop-1] o.s.b.w.servlet.FilterRegistrationBean   : Mapping filter: 'hiddenHttpMethodFilter' to: [/*]
2018-10-15 05:37:18.520  INFO 70306 --- [ost-startStop-1] o.s.b.w.servlet.FilterRegistrationBean   : Mapping filter: 'httpPutFormContentFilter' to: [/*]
2018-10-15 05:37:18.520  INFO 70306 --- [ost-startStop-1] o.s.b.w.servlet.FilterRegistrationBean   : Mapping filter: 'requestContextFilter' to: [/*]
2018-10-15 05:37:18.638  INFO 70306 --- [    Test worker] com.zaxxer.hikari.HikariDataSource       : HikariPool-2 - Starting...
2018-10-15 05:37:18.640  INFO 70306 --- [    Test worker] com.zaxxer.hikari.HikariDataSource       : HikariPool-2 - Start completed.
2018-10-15 05:37:18.663  INFO 70306 --- [    Test worker] j.LocalContainerEntityManagerFactoryBean : Building JPA container EntityManagerFactory for persistence unit 'default'
2018-10-15 05:37:18.663  INFO 70306 --- [    Test worker] o.hibernate.jpa.internal.util.LogHelper  : HHH000204: Processing PersistenceUnitInfo [
	name: default
	...]
2018-10-15 05:37:18.674  INFO 70306 --- [    Test worker] org.hibernate.dialect.Dialect            : HHH000400: Using dialect: org.hibernate.dialect.H2Dialect
2018-10-15 05:37:18.730  INFO 70306 --- [    Test worker] o.h.t.schema.internal.SchemaCreatorImpl  : HHH000476: Executing import script 'ScriptSourceInputFromUrl(file:/Users/songminseok/Desktop/Kakao/build/resources/main/import.sql)'
2018-10-15 05:37:18.748  INFO 70306 --- [    Test worker] j.LocalContainerEntityManagerFactoryBean : Initialized JPA EntityManagerFactory for persistence unit 'default'
2018-10-15 05:37:18.920  INFO 70306 --- [    Test worker] o.s.w.s.handler.SimpleUrlHandlerMapping  : Mapped URL path [/**/favicon.ico] onto handler of type [class org.springframework.web.servlet.resource.ResourceHttpRequestHandler]
2018-10-15 05:37:19.147  INFO 70306 --- [    Test worker] s.w.s.m.m.a.RequestMappingHandlerAdapter : Looking for @ControllerAdvice: org.springframework.boot.web.servlet.context.AnnotationConfigServletWebServerApplicationContext@3c68e698: startup date [Mon Oct 15 05:37:17 KST 2018]; root of context hierarchy
2018-10-15 05:37:19.151  WARN 70306 --- [    Test worker] aWebConfiguration$JpaWebMvcConfiguration : spring.jpa.open-in-view is enabled by default. Therefore, database queries may be performed during view rendering. Explicitly configure spring.jpa.open-in-view to disable this warning
2018-10-15 05:37:19.174  INFO 70306 --- [    Test worker] s.w.s.m.m.a.RequestMappingHandlerMapping : Mapped "{[/],methods=[GET]}" onto public java.lang.String conference.web.HomeController.home()
2018-10-15 05:37:19.174  INFO 70306 --- [    Test worker] s.w.s.m.m.a.RequestMappingHandlerMapping : Mapped "{[/reserve],methods=[GET]}" onto public java.lang.String conference.web.HomeController.reservations()
2018-10-15 05:37:19.176  INFO 70306 --- [    Test worker] s.w.s.m.m.a.RequestMappingHandlerMapping : Mapped "{[/api/reservations],methods=[POST]}" onto public org.springframework.http.ResponseEntity<java.lang.Void> conference.web.api.ApiReservationController.reserve(conference.dto.ReservationDto)
2018-10-15 05:37:19.177  INFO 70306 --- [    Test worker] s.w.s.m.m.a.RequestMappingHandlerMapping : Mapped "{[/api/reservations/{date}],methods=[GET]}" onto public org.springframework.http.ResponseEntity<java.util.List<conference.domain.Reservation>> conference.web.api.ApiReservationController.getReservationList(java.lang.String)
2018-10-15 05:37:19.179  INFO 70306 --- [    Test worker] s.w.s.m.m.a.RequestMappingHandlerMapping : Mapped "{[/error]}" onto public org.springframework.http.ResponseEntity<java.util.Map<java.lang.String, java.lang.Object>> org.springframework.boot.autoconfigure.web.servlet.error.BasicErrorController.error(javax.servlet.http.HttpServletRequest)
2018-10-15 05:37:19.180  INFO 70306 --- [    Test worker] s.w.s.m.m.a.RequestMappingHandlerMapping : Mapped "{[/error],produces=[text/html]}" onto public org.springframework.web.servlet.ModelAndView org.springframework.boot.autoconfigure.web.servlet.error.BasicErrorController.errorHtml(javax.servlet.http.HttpServletRequest,javax.servlet.http.HttpServletResponse)
2018-10-15 05:37:19.209  INFO 70306 --- [    Test worker] o.s.w.s.handler.SimpleUrlHandlerMapping  : Mapped URL path [/webjars/**] onto handler of type [class org.springframework.web.servlet.resource.ResourceHttpRequestHandler]
2018-10-15 05:37:19.210  INFO 70306 --- [    Test worker] o.s.w.s.handler.SimpleUrlHandlerMapping  : Mapped URL path [/**] onto handler of type [class org.springframework.web.servlet.resource.ResourceHttpRequestHandler]
2018-10-15 05:37:19.488  INFO 70306 --- [    Test worker] o.s.b.w.embedded.tomcat.TomcatWebServer  : Tomcat started on port(s): 50787 (http) with context path ''
2018-10-15 05:37:19.490  INFO 70306 --- [    Test worker] c.web.api.ApiReservationControllerTest   : Started ApiReservationControllerTest in 2.428 seconds (JVM running for 12.495)
2018-10-15 05:37:19.499  INFO 70306 --- [    Test worker] c.web.api.ApiReservationController       : Reservation List Tried!
2018-10-15 05:37:19.499  INFO 70306 --- [    Test worker] c.web.api.ApiReservationController       : Date is 2018-10-10
]]></system-out>
  <system-err><![CDATA[]]></system-err>
</testsuite>
