<?xml version="1.0" encoding="UTF-8"?>
<testsuite name="conference.repository.ReservationRepositoryTest" tests="1" skipped="0" failures="0" errors="0" timestamp="2018-10-14T20:37:15" hostname="SongMinSeokui-MacBook-Pro.local" time="0.453">
  <properties/>
  <testcase name="정상_저장" classname="conference.repository.ReservationRepositoryTest" time="0.453"/>
  <system-out><![CDATA[2018-10-15 05:37:15.984  INFO 70306 --- [    Test worker] .b.t.c.SpringBootTestContextBootstrapper : Neither @ContextConfiguration nor @ContextHierarchy found for test class [conference.repository.ReservationRepositoryTest], using SpringBootContextLoader
2018-10-15 05:37:15.985  INFO 70306 --- [    Test worker] o.s.t.c.support.AbstractContextLoader    : Could not detect default resource locations for test class [conference.repository.ReservationRepositoryTest]: no resource found for suffixes {-context.xml, Context.groovy}.
2018-10-15 05:37:15.985  INFO 70306 --- [    Test worker] t.c.s.AnnotationConfigContextLoaderUtils : Could not detect default configuration classes for test class [conference.repository.ReservationRepositoryTest]: ReservationRepositoryTest does not declare any static, non-private, non-final, nested classes annotated with @Configuration.
2018-10-15 05:37:15.988  INFO 70306 --- [    Test worker] .b.t.c.SpringBootTestContextBootstrapper : Found @SpringBootConfiguration conference.KakaoApplication for test class conference.repository.ReservationRepositoryTest
2018-10-15 05:37:15.991  INFO 70306 --- [    Test worker] .b.t.c.SpringBootTestContextBootstrapper : Loaded default TestExecutionListener class names from location [META-INF/spring.factories]: [org.springframework.boot.test.autoconfigure.restdocs.RestDocsTestExecutionListener, org.springframework.boot.test.autoconfigure.web.client.MockRestServiceServerResetTestExecutionListener, org.springframework.boot.test.autoconfigure.web.servlet.MockMvcPrintOnlyOnFailureTestExecutionListener, org.springframework.boot.test.autoconfigure.web.servlet.WebDriverTestExecutionListener, org.springframework.boot.test.mock.mockito.MockitoTestExecutionListener, org.springframework.boot.test.mock.mockito.ResetMocksTestExecutionListener, org.springframework.test.context.web.ServletTestExecutionListener, org.springframework.test.context.support.DirtiesContextBeforeModesTestExecutionListener, org.springframework.test.context.support.DependencyInjectionTestExecutionListener, org.springframework.test.context.support.DirtiesContextTestExecutionListener, org.springframework.test.context.transaction.TransactionalTestExecutionListener, org.springframework.test.context.jdbc.SqlScriptsTestExecutionListener]
2018-10-15 05:37:15.992  INFO 70306 --- [    Test worker] .b.t.c.SpringBootTestContextBootstrapper : Using TestExecutionListeners: [org.springframework.test.context.web.ServletTestExecutionListener@6ca0c842, org.springframework.test.context.support.DirtiesContextBeforeModesTestExecutionListener@5f7d00eb, org.springframework.boot.test.mock.mockito.MockitoTestExecutionListener@76d76535, org.springframework.boot.test.autoconfigure.SpringBootDependencyInjectionTestExecutionListener@38058465, org.springframework.test.context.support.DirtiesContextTestExecutionListener@528db9ff, org.springframework.test.context.transaction.TransactionalTestExecutionListener@6540911d, org.springframework.test.context.jdbc.SqlScriptsTestExecutionListener@28f3be4d, org.springframework.boot.test.autoconfigure.restdocs.RestDocsTestExecutionListener@3cc1219a, org.springframework.boot.test.autoconfigure.web.client.MockRestServiceServerResetTestExecutionListener@3bc35bc, org.springframework.boot.test.autoconfigure.web.servlet.MockMvcPrintOnlyOnFailureTestExecutionListener@629594af, org.springframework.boot.test.autoconfigure.web.servlet.WebDriverTestExecutionListener@57a14f66, org.springframework.boot.test.mock.mockito.ResetMocksTestExecutionListener@62d979f9]
2018-10-15 05:37:16.028  INFO 70306 --- [    Test worker] o.h.h.i.QueryTranslatorFactoryInitiator  : HHH000397: Using ASTQueryTranslatorFactory
]]></system-out>
  <system-err><![CDATA[]]></system-err>
</testsuite>
