<?xml version="1.0" encoding="UTF-8"?>
<testsuite name="conference.service.ReservationServiceTest" tests="3" skipped="0" failures="0" errors="0" timestamp="2018-10-14T20:37:16" hostname="SongMinSeokui-MacBook-Pro.local" time="0.067">
  <properties/>
  <testcase name="정상_예약성공" classname="conference.service.ReservationServiceTest" time="0.052"/>
  <testcase name="시간_비정상_예약실패" classname="conference.service.ReservationServiceTest" time="0.005"/>
  <testcase name="방이름_비정상_예약실패" classname="conference.service.ReservationServiceTest" time="0.008"/>
  <system-out><![CDATA[2018-10-15 05:37:16.453  INFO 70306 --- [    Test worker] .b.t.c.SpringBootTestContextBootstrapper : Neither @ContextConfiguration nor @ContextHierarchy found for test class [conference.service.ReservationServiceTest], using SpringBootContextLoader
2018-10-15 05:37:16.459  INFO 70306 --- [    Test worker] o.s.t.c.support.AbstractContextLoader    : Could not detect default resource locations for test class [conference.service.ReservationServiceTest]: no resource found for suffixes {-context.xml, Context.groovy}.
2018-10-15 05:37:16.459  INFO 70306 --- [    Test worker] t.c.s.AnnotationConfigContextLoaderUtils : Could not detect default configuration classes for test class [conference.service.ReservationServiceTest]: ReservationServiceTest does not declare any static, non-private, non-final, nested classes annotated with @Configuration.
2018-10-15 05:37:16.471  INFO 70306 --- [    Test worker] .b.t.c.SpringBootTestContextBootstrapper : Found @SpringBootConfiguration conference.KakaoApplication for test class conference.service.ReservationServiceTest
2018-10-15 05:37:16.474  INFO 70306 --- [    Test worker] .b.t.c.SpringBootTestContextBootstrapper : Loaded default TestExecutionListener class names from location [META-INF/spring.factories]: [org.springframework.boot.test.autoconfigure.restdocs.RestDocsTestExecutionListener, org.springframework.boot.test.autoconfigure.web.client.MockRestServiceServerResetTestExecutionListener, org.springframework.boot.test.autoconfigure.web.servlet.MockMvcPrintOnlyOnFailureTestExecutionListener, org.springframework.boot.test.autoconfigure.web.servlet.WebDriverTestExecutionListener, org.springframework.boot.test.mock.mockito.MockitoTestExecutionListener, org.springframework.boot.test.mock.mockito.ResetMocksTestExecutionListener, org.springframework.test.context.web.ServletTestExecutionListener, org.springframework.test.context.support.DirtiesContextBeforeModesTestExecutionListener, org.springframework.test.context.support.DependencyInjectionTestExecutionListener, org.springframework.test.context.support.DirtiesContextTestExecutionListener, org.springframework.test.context.transaction.TransactionalTestExecutionListener, org.springframework.test.context.jdbc.SqlScriptsTestExecutionListener]
2018-10-15 05:37:16.477  INFO 70306 --- [    Test worker] .b.t.c.SpringBootTestContextBootstrapper : Using TestExecutionListeners: [org.springframework.test.context.web.ServletTestExecutionListener@c37284a, org.springframework.test.context.support.DirtiesContextBeforeModesTestExecutionListener@6cc59742, org.springframework.boot.test.mock.mockito.MockitoTestExecutionListener@2086439d, org.springframework.boot.test.autoconfigure.SpringBootDependencyInjectionTestExecutionListener@3186cbcd, org.springframework.test.context.support.DirtiesContextTestExecutionListener@4c6c0cf, org.springframework.test.context.transaction.TransactionalTestExecutionListener@44f93892, org.springframework.test.context.jdbc.SqlScriptsTestExecutionListener@5671013b, org.springframework.boot.test.autoconfigure.restdocs.RestDocsTestExecutionListener@51ae709b, org.springframework.boot.test.autoconfigure.web.client.MockRestServiceServerResetTestExecutionListener@635c02d9, org.springframework.boot.test.autoconfigure.web.servlet.MockMvcPrintOnlyOnFailureTestExecutionListener@6eec9b88, org.springframework.boot.test.autoconfigure.web.servlet.WebDriverTestExecutionListener@304a27b7, org.springframework.boot.test.mock.mockito.ResetMocksTestExecutionListener@1242a38d]
2018-10-15 05:37:16.486  INFO 70306 --- [    Test worker] conference.service.ReservationService    : Reservation Tried!
2018-10-15 05:37:16.491  INFO 70306 --- [    Test worker] conference.service.ReservationService    : Room Name : A
2018-10-15 05:37:16.524  INFO 70306 --- [    Test worker] conference.service.ReservationService    : List Size : 3
2018-10-15 05:37:16.527  INFO 70306 --- [    Test worker] conference.service.ReservationService    : List Size : 0
2018-10-15 05:37:16.531  INFO 70306 --- [    Test worker] conference.service.ReservationService    : Reservation : Reservation(id=30, username=MUZI, day=2018-10-10, startTime=05:00, endTime=07:00, room=ConferenceRoom(id=1, name=A))
2018-10-15 05:37:16.534  INFO 70306 --- [    Test worker] conference.service.ReservationService    : Reservation : Reservation(id=31, username=MUZI, day=2018-10-17, startTime=05:00, endTime=07:00, room=ConferenceRoom(id=1, name=A))
2018-10-15 05:37:16.541  INFO 70306 --- [    Test worker] conference.service.ReservationService    : Reservation Tried!
2018-10-15 05:37:16.541  INFO 70306 --- [    Test worker] conference.service.ReservationService    : In First
2018-10-15 05:37:16.545  INFO 70306 --- [    Test worker] conference.service.ReservationService    : Reservation Tried!
2018-10-15 05:37:16.548  INFO 70306 --- [    Test worker] conference.service.ReservationService    : In First
]]></system-out>
  <system-err><![CDATA[]]></system-err>
</testsuite>
